app/build/outputs/logs/manifest-merger-full-debug-report.txt
-- Merging decision tree log ---
manifest
ADDED from src/main/AndroidManifest.xml:2:1-128:12
	package
		ADDED from src/main/AndroidManifest.xml:3:5-24
		INJECTED from src/main/AndroidManifest.xml
		INJECTED from src/main/AndroidManifest.xml
	android:versionName
		INJECTED from src/main/AndroidManifest.xml
		INJECTED from src/main/AndroidManifest.xml
	xmlns:android
		ADDED from src/main/AndroidManifest.xml:2:11-69
	android:versionCode
		INJECTED from src/main/AndroidManifest.xml
		INJECTED from src/main/AndroidManifest.xml
uses-permission#android.permission.ACCESS_COARSE_LOCATION
ADDED from src/main/AndroidManifest.xml:6:5-81
	android:name
		ADDED from src/main/AndroidManifest.xml:6:22-78
uses-permission#android.permission.ACCESS_FINE_LOCATION
ADDED from src/main/AndroidManifest.xml:7:5-79
	android:name
		ADDED from src/main/AndroidManifest.xml:7:22-76
uses-permission#android.permission.ACCESS_WIFI_STATE
ADDED from src/main/AndroidManifest.xml:8:5-76
	android:name
		ADDED from src/main/AndroidManifest.xml:8:22-73
uses-permission#android.permission.CHANGE_WIFI_STATE
ADDED from src/main/AndroidManifest.xml:9:5-76
	android:name
		ADDED from src/main/AndroidManifest.xml:9:22-73
uses-permission#android.permission.WAKE_LOCK
ADDED from src/main/AndroidManifest.xml:10:5-68
	android:name
		ADDED from src/main/AndroidManifest.xml:10:22-65
uses-permission#android.permission.BLUETOOTH
ADDED from src/main/AndroidManifest.xml:11:5-68
	android:name
		ADDED from src/main/AndroidManifest.xml:11:22-65
uses-permission#android.permission.BLUETOOTH_ADMIN
ADDED from src/main/AndroidManifest.xml:12:5-74
	android:name
		ADDED from src/main/AndroidManifest.xml:12:22-71
uses-permission#android.permission.WRITE_INTERNAL_STORAGE
ADDED from src/main/AndroidManifest.xml:13:5-81
	android:name
		ADDED from src/main/AndroidManifest.xml:13:22-78
uses-permission#android.permission.WRITE_EXTERNAL_STORAGE
ADDED from src/main/AndroidManifest.xml:14:5-81
	android:name
		ADDED from src/main/AndroidManifest.xml:14:22-78
uses-permission#android.permission.READ_EXTERNAL_STORAGE
ADDED from src/main/AndroidManifest.xml:15:5-80
	android:name
		ADDED from src/main/AndroidManifest.xml:15:22-77
uses-permission#android.permission.BATTERY_STATS
ADDED from src/main/AndroidManifest.xml:16:5-72
	android:name
		ADDED from src/main/AndroidManifest.xml:16:22-69
uses-permission#android.permission.RECORD_AUDIO
ADDED from src/main/AndroidManifest.xml:17:5-71
	android:name
		ADDED from src/main/AndroidManifest.xml:17:22-68
uses-permission#android.permission.CHANGE_NETWORK_STATE
ADDED from src/main/AndroidManifest.xml:18:5-79
	android:name
		ADDED from src/main/AndroidManifest.xml:18:22-76
uses-permission#android.permission.INTERNET
ADDED from src/main/AndroidManifest.xml:19:5-67
MERGED from [com.google.android.gms:play-services-maps:11.0.2] AndroidManifest.xml:20:5-66
	android:name
		ADDED from src/main/AndroidManifest.xml:19:22-64
uses-permission#android.permission.ACCESS_NETWORK_STATE
ADDED from src/main/AndroidManifest.xml:20:5-79
MERGED from [com.google.android.gms:play-services-maps:11.0.2] AndroidManifest.xml:19:5-78
	android:name
		ADDED from src/main/AndroidManifest.xml:20:22-76
uses-permission#android.permission.READ_PHONE_STATE
ADDED from src/main/AndroidManifest.xml:21:5-75
	android:name
		ADDED from src/main/AndroidManifest.xml:21:22-72
uses-permission#android.permission.VIBRATE
ADDED from src/main/AndroidManifest.xml:22:5-66
	android:name
		ADDED from src/main/AndroidManifest.xml:22:22-63
uses-permission#android.permission.READ_LOGS
ADDED from src/main/AndroidManifest.xml:23:5-68
	android:name
		ADDED from src/main/AndroidManifest.xml:23:22-65
uses-feature#android.hardware.wifi.direct
ADDED from src/main/AndroidManifest.xml:26:5-28:35
	android:required
		ADDED from src/main/AndroidManifest.xml:28:9-32
	android:name
		ADDED from src/main/AndroidManifest.xml:27:9-52
uses-feature#android.hardware.bluetooth
ADDED from src/main/AndroidManifest.xml:29:5-31:35
	android:required
		ADDED from src/main/AndroidManifest.xml:31:9-32
	android:name
		ADDED from src/main/AndroidManifest.xml:30:9-50
application
ADDED from src/main/AndroidManifest.xml:33:5-126:19
MERGED from [com.google.android.gms:play-services-maps:11.0.2] AndroidManifest.xml:24:5-19
MERGED from [com.google.android.gms:play-services-base:11.0.2] AndroidManifest.xml:18:5-20:19
MERGED from [com.google.android.gms:play-services-basement:11.0.2] AndroidManifest.xml:19:5-21:19
MERGED from [com.android.support:support-v4:25.2.0] AndroidManifest.xml:25:5-20
MERGED from [com.android.support:support-compat:25.2.0] AndroidManifest.xml:25:5-20
MERGED from [com.android.support:support-media-compat:25.2.0] AndroidManifest.xml:25:5-20
MERGED from [com.android.support:support-core-utils:25.2.0] AndroidManifest.xml:25:5-20
MERGED from [com.android.support:support-core-ui:25.2.0] AndroidManifest.xml:25:5-20
MERGED from [com.android.support:support-fragment:25.2.0] AndroidManifest.xml:25:5-20
MERGED from [com.google.android.gms:play-services-tasks:11.0.2] AndroidManifest.xml:4:5-19
MERGED from [com.google.android.gms:play-services-location:11.0.2] AndroidManifest.xml:4:5-19
MERGED from [com.yarolegovich:lovely-dialog:1.0.4] AndroidManifest.xml:11:5-52
MERGED from [com.android.support:appcompat-v7:23.4.0] AndroidManifest.xml:25:5-20
MERGED from [com.android.support:animated-vector-drawable:23.4.0] AndroidManifest.xml:7:5-20
MERGED from [com.android.support:support-vector-drawable:23.4.0] AndroidManifest.xml:7:5-20
MERGED from [com.github.bluejamesbond:textjustify-android:2.1.6] AndroidManifest.xml:40:5-20
MERGED from [com.android.support.constraint:constraint-layout:1.0.0-alpha8] AndroidManifest.xml:9:5-20
	android:label
		ADDED from src/main/AndroidManifest.xml:37:9-41
	android:allowBackup
		ADDED from src/main/AndroidManifest.xml:35:9-35
	android:icon
		ADDED from src/main/AndroidManifest.xml:36:9-45
	android:theme
		ADDED from src/main/AndroidManifest.xml:39:9-40
	android:logo
		ADDED from src/main/AndroidManifest.xml:38:9-43
	android:name
		ADDED from src/main/AndroidManifest.xml:34:9-40
activity#cs.usense.activities.SplashActivity
ADDED from src/main/AndroidManifest.xml:40:9-49:20
	android:screenOrientation
		ADDED from src/main/AndroidManifest.xml:43:13-49
	android:configChanges
		ADDED from src/main/AndroidManifest.xml:42:13-74
	android:name
		ADDED from src/main/AndroidManifest.xml:41:13-54
intent-filter#android.intent.action.MAIN+android.intent.category.LAUNCHER
ADDED from src/main/AndroidManifest.xml:44:13-48:29
action#android.intent.action.MAIN
ADDED from src/main/AndroidManifest.xml:45:17-69
	android:name
		ADDED from src/main/AndroidManifest.xml:45:25-66
category#android.intent.category.LAUNCHER
ADDED from src/main/AndroidManifest.xml:47:17-77
	android:name
		ADDED from src/main/AndroidManifest.xml:47:27-74
activity#cs.usense.activities.MainActivity
ADDED from src/main/AndroidManifest.xml:50:9-53:51
	android:screenOrientation
		ADDED from src/main/AndroidManifest.xml:53:13-49
	android:configChanges
		ADDED from src/main/AndroidManifest.xml:52:13-74
	android:name
		ADDED from src/main/AndroidManifest.xml:51:13-52
activity#cs.usense.activities.CategoriesActivity
ADDED from src/main/AndroidManifest.xml:54:9-57:52
	android:screenOrientation
		ADDED from src/main/AndroidManifest.xml:57:13-49
	android:configChanges
		ADDED from src/main/AndroidManifest.xml:56:13-74
	android:name
		ADDED from src/main/AndroidManifest.xml:55:13-58
activity#cs.usense.activities.RatingsActivity
ADDED from src/main/AndroidManifest.xml:58:9-61:52
	android:screenOrientation
		ADDED from src/main/AndroidManifest.xml:61:13-49
	android:configChanges
		ADDED from src/main/AndroidManifest.xml:60:13-74
	android:name
		ADDED from src/main/AndroidManifest.xml:59:13-55
activity#cs.usense.activities.SettingsActivity
ADDED from src/main/AndroidManifest.xml:62:9-65:52
	android:screenOrientation
		ADDED from src/main/AndroidManifest.xml:65:13-49
	android:configChanges
		ADDED from src/main/AndroidManifest.xml:64:13-74
	android:name
		ADDED from src/main/AndroidManifest.xml:63:13-56
activity#cs.usense.activities.AboutActivity
ADDED from src/main/AndroidManifest.xml:66:9-69:52
	android:screenOrientation
		ADDED from src/main/AndroidManifest.xml:69:13-49
	android:configChanges
		ADDED from src/main/AndroidManifest.xml:68:13-74
	android:name
		ADDED from src/main/AndroidManifest.xml:67:13-53
activity#cs.usense.activities.AlertsActivity
ADDED from src/main/AndroidManifest.xml:70:9-73:52
	android:screenOrientation
		ADDED from src/main/AndroidManifest.xml:73:13-49
	android:configChanges
		ADDED from src/main/AndroidManifest.xml:72:13-74
	android:name
		ADDED from src/main/AndroidManifest.xml:71:13-54
activity#cs.usense.activities.DeviceCategoriesActivity
ADDED from src/main/AndroidManifest.xml:74:9-78:51
	android:screenOrientation
		ADDED from src/main/AndroidManifest.xml:77:13-49
	android:configChanges
		ADDED from src/main/AndroidManifest.xml:76:13-74
	android:theme
		ADDED from src/main/AndroidManifest.xml:78:13-48
	android:name
		ADDED from src/main/AndroidManifest.xml:75:13-64
activity#cs.usense.activities.DeviceRatingsActivity
ADDED from src/main/AndroidManifest.xml:79:9-83:51
	android:screenOrientation
		ADDED from src/main/AndroidManifest.xml:82:13-49
	android:configChanges
		ADDED from src/main/AndroidManifest.xml:81:13-74
	android:theme
		ADDED from src/main/AndroidManifest.xml:83:13-48
	android:name
		ADDED from src/main/AndroidManifest.xml:80:13-61
activity#cs.usense.activities.MapInformationActivity
ADDED from src/main/AndroidManifest.xml:84:9-88:51
	android:screenOrientation
		ADDED from src/main/AndroidManifest.xml:87:13-49
	android:configChanges
		ADDED from src/main/AndroidManifest.xml:86:13-74
	android:theme
		ADDED from src/main/AndroidManifest.xml:88:13-48
	android:name
		ADDED from src/main/AndroidManifest.xml:85:13-62
activity#cs.usense.activities.AlertInterestsActivity
ADDED from src/main/AndroidManifest.xml:89:9-92:51
	android:label
		ADDED from src/main/AndroidManifest.xml:91:13-47
	android:theme
		ADDED from src/main/AndroidManifest.xml:92:13-48
	android:name
		ADDED from src/main/AndroidManifest.xml:90:13-62
activity#cs.usense.activities.SociabilityDetailActivity
ADDED from src/main/AndroidManifest.xml:93:9-95:51
	android:theme
		ADDED from src/main/AndroidManifest.xml:95:13-48
	android:name
		ADDED from src/main/AndroidManifest.xml:94:13-65
activity#cs.usense.activities.SociabilityActivity
ADDED from src/main/AndroidManifest.xml:96:9-99:52
	android:screenOrientation
		ADDED from src/main/AndroidManifest.xml:99:13-49
	android:configChanges
		ADDED from src/main/AndroidManifest.xml:98:13-74
	android:name
		ADDED from src/main/AndroidManifest.xml:97:13-59
activity#cs.usense.activities.ReportsActivity
ADDED from src/main/AndroidManifest.xml:100:9-103:52
	android:screenOrientation
		ADDED from src/main/AndroidManifest.xml:103:13-49
	android:configChanges
		ADDED from src/main/AndroidManifest.xml:102:13-74
	android:name
		ADDED from src/main/AndroidManifest.xml:101:13-55
activity#cs.usense.activities.MobilityActivity
ADDED from src/main/AndroidManifest.xml:104:9-107:52
	android:screenOrientation
		ADDED from src/main/AndroidManifest.xml:107:13-49
	android:configChanges
		ADDED from src/main/AndroidManifest.xml:106:13-74
	android:name
		ADDED from src/main/AndroidManifest.xml:105:13-56
activity#cs.usense.activities.SensorNotFoundActivity
ADDED from src/main/AndroidManifest.xml:108:9-112:51
	android:screenOrientation
		ADDED from src/main/AndroidManifest.xml:111:13-49
	android:configChanges
		ADDED from src/main/AndroidManifest.xml:110:13-74
	android:theme
		ADDED from src/main/AndroidManifest.xml:112:13-48
	android:name
		ADDED from src/main/AndroidManifest.xml:109:13-62
service#cs.usense.services.NSenseService
ADDED from src/main/AndroidManifest.xml:114:9-59
	android:name
		ADDED from src/main/AndroidManifest.xml:114:18-56
service#cs.usense.energy.NSenseIntentService
ADDED from src/main/AndroidManifest.xml:115:9-63
	android:name
		ADDED from src/main/AndroidManifest.xml:115:18-60
receiver#cs.usense.energy.WakeFullReceiver
ADDED from src/main/AndroidManifest.xml:117:9-61
	android:name
		ADDED from src/main/AndroidManifest.xml:117:19-58
meta-data#com.google.android.geo.API_KEY
ADDED from src/main/AndroidManifest.xml:119:9-121:55
	android:value
		ADDED from src/main/AndroidManifest.xml:121:13-52
	android:name
		ADDED from src/main/AndroidManifest.xml:120:13-58
meta-data#com.google.android.gms.version
ADDED from src/main/AndroidManifest.xml:122:9-124:69
MERGED from [com.google.android.gms:play-services-basement:11.0.2] AndroidManifest.xml:20:9-121
	android:value
		ADDED from src/main/AndroidManifest.xml:124:13-66
	android:name
		ADDED from src/main/AndroidManifest.xml:123:13-58
uses-sdk
INJECTED from src/main/AndroidManifest.xml reason: use-sdk injection requested
MERGED from [com.android.support:multidex:1.0.1] AndroidManifest.xml:18:5-42
MERGED from [com.google.android.gms:play-services-maps:11.0.2] AndroidManifest.xml:23:5-43
MERGED from [com.google.android.gms:play-services-base:11.0.2] AndroidManifest.xml:17:5-43
MERGED from [com.google.android.gms:play-services-basement:11.0.2] AndroidManifest.xml:17:5-43
MERGED from [com.android.support:support-v4:25.2.0] AndroidManifest.xml:21:5-23:54
MERGED from [com.android.support:support-compat:25.2.0] AndroidManifest.xml:21:5-23:58
MERGED from [com.android.support:support-media-compat:25.2.0] AndroidManifest.xml:21:5-23:63
MERGED from [com.android.support:support-core-utils:25.2.0] AndroidManifest.xml:21:5-23:61
MERGED from [com.android.support:support-core-ui:25.2.0] AndroidManifest.xml:21:5-23:58
MERGED from [com.android.support:support-fragment:25.2.0] AndroidManifest.xml:21:5-23:60
MERGED from [com.google.android.gms:play-services-tasks:11.0.2] AndroidManifest.xml:3:5-43
MERGED from [com.google.android.gms:play-services-location:11.0.2] AndroidManifest.xml:3:5-43
MERGED from [com.yarolegovich:lovely-dialog:1.0.4] AndroidManifest.xml:7:5-9:41
MERGED from [com.android.support:appcompat-v7:23.4.0] AndroidManifest.xml:21:5-23:78
MERGED from [com.android.support:animated-vector-drawable:23.4.0] AndroidManifest.xml:5:5-44
MERGED from [com.android.support:support-vector-drawable:23.4.0] AndroidManifest.xml:5:5-43
MERGED from [com.jakewharton:butterknife:8.6.0] AndroidManifest.xml:5:5-43
MERGED from [com.github.bluejamesbond:textjustify-android:2.1.6] AndroidManifest.xml:36:5-38:41
MERGED from [com.android.support.constraint:constraint-layout:1.0.0-alpha8] AndroidManifest.xml:5:5-7:41
	tools:overrideLibrary
		ADDED from [com.android.support:support-v4:25.2.0] AndroidManifest.xml:23:9-51
	android:targetSdkVersion
		INJECTED from src/main/AndroidManifest.xml
		INJECTED from src/main/AndroidManifest.xml
	android:minSdkVersion
		INJECTED from src/main/AndroidManifest.xml
		INJECTED from src/main/AndroidManifest.xml
uses-feature#0x00020000
ADDED from [com.google.android.gms:play-services-maps:11.0.2] AndroidManifest.xml:21:5-77
	android:glEsVersion
		ADDED from [com.google.android.gms:play-services-maps:11.0.2] AndroidManifest.xml:21:19-51
	android:required
		ADDED from [com.google.android.gms:play-services-maps:11.0.2] AndroidManifest.xml:21:52-75
activity#com.google.android.gms.common.api.GoogleApiActivity
ADDED from [com.google.android.gms:play-services-base:11.0.2] AndroidManifest.xml:19:9-172
	android:exported
		ADDED from [com.google.android.gms:play-services-base:11.0.2] AndroidManifest.xml:19:146-170
	android:theme
		ADDED from [com.google.android.gms:play-services-base:11.0.2] AndroidManifest.xml:19:86-145
	android:name
		ADDED from [com.google.android.gms:play-services-base:11.0.2] AndroidManifest.xml:19:19-85